d{yyyy-MM-dd HH:mm:ss.SSS} [INFO] [restartedMain] [51] Starting MainApplication using Java 17.0.7 with PID 8896 (C:\sts4-workspace\CHA101G2_TripLight\target\classes started by Tibame_T14 in C:\sts4-workspace\CHA101G2_TripLight)
d{yyyy-MM-dd HH:mm:ss.SSS} [INFO] [restartedMain] [633] No active profile set, falling back to 1 default profile: "default"
d{yyyy-MM-dd HH:mm:ss.SSS} [INFO] [restartedMain] [250] Devtools property defaults active! Set 'spring.devtools.add-properties' to 'false' to disable
d{yyyy-MM-dd HH:mm:ss.SSS} [INFO] [restartedMain] [250] For additional web related logging consider setting the 'logging.level.web' property to 'DEBUG'
d{yyyy-MM-dd HH:mm:ss.SSS} [INFO] [restartedMain] [138] Bootstrapping Spring Data JPA repositories in DEFAULT mode.
d{yyyy-MM-dd HH:mm:ss.SSS} [INFO] [restartedMain] [208] Finished Spring Data repository scanning in 266 ms. Found 28 JPA repository interfaces.
d{yyyy-MM-dd HH:mm:ss.SSS} [INFO] [restartedMain] [108] Tomcat initialized with port(s): 8080 (http)
d{yyyy-MM-dd HH:mm:ss.SSS} [INFO] [restartedMain] [173] Starting service [Tomcat]
d{yyyy-MM-dd HH:mm:ss.SSS} [INFO] [restartedMain] [173] Starting Servlet engine: [Apache Tomcat/10.1.8]
d{yyyy-MM-dd HH:mm:ss.SSS} [INFO] [restartedMain] [173] At least one JAR was scanned for TLDs yet contained no TLDs. Enable debug logging for this logger for a complete list of JARs that were scanned but no TLDs were found in them. Skipping unneeded JARs during scanning can improve startup time and JSP compilation time.
d{yyyy-MM-dd HH:mm:ss.SSS} [INFO] [restartedMain] [173] Initializing Spring embedded WebApplicationContext
d{yyyy-MM-dd HH:mm:ss.SSS} [INFO] [restartedMain] [291] Root WebApplicationContext: initialization completed in 2185 ms
d{yyyy-MM-dd HH:mm:ss.SSS} [INFO] [restartedMain] [110] HikariPool-1 - Starting...
d{yyyy-MM-dd HH:mm:ss.SSS} [INFO] [restartedMain] [565] HikariPool-1 - Added connection com.mysql.cj.jdbc.ConnectionImpl@195a88de
d{yyyy-MM-dd HH:mm:ss.SSS} [INFO] [restartedMain] [123] HikariPool-1 - Start completed.
d{yyyy-MM-dd HH:mm:ss.SSS} [INFO] [restartedMain] [88] H2 console available at '/h2-console'. Database available at 'jdbc:mysql://localhost:3306/cha101_g2?useUnicode=true&characterEncoding=UTF-8&serverTimezone=UTC'
d{yyyy-MM-dd HH:mm:ss.SSS} [INFO] [restartedMain] [31] HHH000204: Processing PersistenceUnitInfo [name: default]
d{yyyy-MM-dd HH:mm:ss.SSS} [INFO] [restartedMain] [44] HHH000412: Hibernate ORM core version 6.2.2.Final
d{yyyy-MM-dd HH:mm:ss.SSS} [INFO] [restartedMain] [191] HHH000406: Using bytecode reflection optimizer
d{yyyy-MM-dd HH:mm:ss.SSS} [INFO] [restartedMain] [53] HHH000021: Bytecode provider name : bytebuddy
d{yyyy-MM-dd HH:mm:ss.SSS} [INFO] [restartedMain] [87] No LoadTimeWeaver setup: ignoring JPA class transformer
d{yyyy-MM-dd HH:mm:ss.SSS} [INFO] [restartedMain] [93] HHH035001: Using dialect: org.hibernate.dialect.MySQLDialect, version: 8.0.32
d{yyyy-MM-dd HH:mm:ss.SSS} [INFO] [restartedMain] [53] HHH000021: Bytecode provider name : bytebuddy
d{yyyy-MM-dd HH:mm:ss.SSS} [INFO] [restartedMain] [43] HHH000182: No default (no-argument) constructor for class: com.tw.article.model.ArticleFavorite$PrimaryKey (class must be instantiated by Interceptor)
d{yyyy-MM-dd HH:mm:ss.SSS} [INFO] [restartedMain] [51] HHH000490: Using JtaPlatform implementation: [org.hibernate.engine.transaction.jta.platform.internal.NoJtaPlatform]
d{yyyy-MM-dd HH:mm:ss.SSS} [INFO] [restartedMain] [437] Initialized JPA EntityManagerFactory for persistence unit 'default'
d{yyyy-MM-dd HH:mm:ss.SSS} [DEBUG] [restartedMain] [133] select max(a1_0.ai_favorite_id) from ai_favorite a1_0
d{yyyy-MM-dd HH:mm:ss.SSS} [INFO] [restartedMain] [47] Hibernate is in classpath; If applicable, HQL parser will be used.
d{yyyy-MM-dd HH:mm:ss.SSS} [INFO] [restartedMain] [57] Adding welcome page: class path resource [static/index.html]
d{yyyy-MM-dd HH:mm:ss.SSS} [WARN] [restartedMain] [101] Cannot find template location: classpath:/templates/ (please add some templates, check your Thymeleaf configuration, or set spring.thymeleaf.check-template-location=false)
d{yyyy-MM-dd HH:mm:ss.SSS} [INFO] [restartedMain] [59] LiveReload server is running on port 35729
d{yyyy-MM-dd HH:mm:ss.SSS} [INFO] [restartedMain] [220] Tomcat started on port(s): 8080 (http) with context path '/springboot-exercise'
d{yyyy-MM-dd HH:mm:ss.SSS} [INFO] [scheduling-1] [143] 顯示成員名單：{}
d{yyyy-MM-dd HH:mm:ss.SSS} [INFO] [restartedMain] [57] Started MainApplication in 7.71 seconds (process running for 8.482)
d{yyyy-MM-dd HH:mm:ss.SSS} [INFO] [restartedMain] [35] 伺服器部屬完畢
d{yyyy-MM-dd HH:mm:ss.SSS} [DEBUG] [restartedMain] [133] select a1_0.article_id,a1_0.article_post_content,a1_0.article_post_time,a1_0.article_status,a1_0.article_title,a1_0.article_type_id,a1_0.article_views,a1_0.member_id from article a1_0
d{yyyy-MM-dd HH:mm:ss.SSS} [DEBUG] [restartedMain] [133] select t1_0.id,t1_0.image,t1_0.trip_id,t1_0.upload_time from trip_image t1_0
d{yyyy-MM-dd HH:mm:ss.SSS} [DEBUG] [restartedMain] [133] select t1_0.trip_id,t1_0.city,t1_0.max_travelers_no,t1_0.min_travelers_no,t1_0.price_adult,t1_0.price_child,t1_0.rating_count,t1_0.rating_sum,t1_0.status,t1_0.total_sales,t1_0.trip_content,t1_0.trip_day,t1_0.trip_description,t1_0.trip_name,t1_0.trip_note,t1_0.trip_type_id,t1_0.vendor_id from trip t1_0
d{yyyy-MM-dd HH:mm:ss.SSS} [DEBUG] [restartedMain] [133] select t1_0.trip_id,t1_0.id,t1_0.image,t1_0.upload_time from trip_image t1_0 where t1_0.trip_id=?
d{yyyy-MM-dd HH:mm:ss.SSS} [DEBUG] [restartedMain] [133] select t1_0.trip_id,t1_0.id,t1_0.image,t1_0.upload_time from trip_image t1_0 where t1_0.trip_id=?
d{yyyy-MM-dd HH:mm:ss.SSS} [DEBUG] [restartedMain] [133] select t1_0.trip_id,t1_0.id,t1_0.image,t1_0.upload_time from trip_image t1_0 where t1_0.trip_id=?
d{yyyy-MM-dd HH:mm:ss.SSS} [DEBUG] [restartedMain] [133] select v1_0.vendor_id,v1_0.application_time,v1_0.bank_account,v1_0.ceo_email,v1_0.ceo_name,v1_0.ceo_phone,v1_0.contract_term,v1_0.login_account,v1_0.login_password,v1_0.review,v1_0.vendor_add,v1_0.vendor_email,v1_0.vendor_name,v1_0.vendor_phone from vendor v1_0
d{yyyy-MM-dd HH:mm:ss.SSS} [INFO] [scheduling-1] [143] 顯示成員名單：{}
d{yyyy-MM-dd HH:mm:ss.SSS} [INFO] [scheduling-1] [143] 顯示成員名單：{}
d{yyyy-MM-dd HH:mm:ss.SSS} [INFO] [scheduling-1] [143] 顯示成員名單：{}
d{yyyy-MM-dd HH:mm:ss.SSS} [INFO] [scheduling-1] [143] 顯示成員名單：{}
d{yyyy-MM-dd HH:mm:ss.SSS} [INFO] [scheduling-1] [143] 顯示成員名單：{}
d{yyyy-MM-dd HH:mm:ss.SSS} [INFO] [scheduling-1] [143] 顯示成員名單：{}
d{yyyy-MM-dd HH:mm:ss.SSS} [INFO] [scheduling-1] [143] 顯示成員名單：{}
d{yyyy-MM-dd HH:mm:ss.SSS} [INFO] [scheduling-1] [143] 顯示成員名單：{}
d{yyyy-MM-dd HH:mm:ss.SSS} [INFO] [scheduling-1] [143] 顯示成員名單：{}
d{yyyy-MM-dd HH:mm:ss.SSS} [INFO] [scheduling-1] [143] 顯示成員名單：{}
d{yyyy-MM-dd HH:mm:ss.SSS} [INFO] [scheduling-1] [143] 顯示成員名單：{}
d{yyyy-MM-dd HH:mm:ss.SSS} [INFO] [scheduling-1] [143] 顯示成員名單：{}
d{yyyy-MM-dd HH:mm:ss.SSS} [INFO] [scheduling-1] [143] 顯示成員名單：{}
d{yyyy-MM-dd HH:mm:ss.SSS} [INFO] [scheduling-1] [143] 顯示成員名單：{}
d{yyyy-MM-dd HH:mm:ss.SSS} [INFO] [scheduling-1] [143] 顯示成員名單：{}
d{yyyy-MM-dd HH:mm:ss.SSS} [INFO] [scheduling-1] [143] 顯示成員名單：{}
d{yyyy-MM-dd HH:mm:ss.SSS} [INFO] [scheduling-1] [143] 顯示成員名單：{}
d{yyyy-MM-dd HH:mm:ss.SSS} [INFO] [RMI TCP Connection(23)-127.0.0.1] [159] Application shutdown requested.
d{yyyy-MM-dd HH:mm:ss.SSS} [INFO] [RMI TCP Connection(23)-127.0.0.1] [173] Stopping service [Tomcat]
d{yyyy-MM-dd HH:mm:ss.SSS} [INFO] [RMI TCP Connection(23)-127.0.0.1] [650] Closing JPA EntityManagerFactory for persistence unit 'default'
d{yyyy-MM-dd HH:mm:ss.SSS} [INFO] [RMI TCP Connection(23)-127.0.0.1] [350] HikariPool-1 - Shutdown initiated...
d{yyyy-MM-dd HH:mm:ss.SSS} [INFO] [RMI TCP Connection(23)-127.0.0.1] [352] HikariPool-1 - Shutdown completed.
